<?xml version="1.0" encoding="UTF-8"?>
<robot generator="Robot 7.0 (Python 3.12.4 on win32)" generated="2024-06-08T23:33:21.810693" rpa="false" schemaversion="5">
<suite id="s1" name="Amazon Testes" source="C:\Users\julia\OneDrive\Área de Trabalho\Projetos\RobotJu\robottest\amazon_testes.robot">
<test id="s1-t1" name="Caso de Teste 01 - Acesso ao menu &quot;Eletrônicos&quot;" line="8">
<kw name="Abrir o navegador" owner="amazon_resources" type="SETUP">
<kw name="Open Browser" owner="SeleniumLibrary">
<msg time="2024-06-08T23:33:22.266016" level="INFO">Opening browser 'chrome' to base url 'None'.</msg>
<arg>browser=chrome</arg>
<doc>Opens a new browser instance to the optional ``url``.</doc>
<status status="PASS" start="2024-06-08T23:33:22.266016" elapsed="1.482085"/>
</kw>
<kw name="Maximize Browser Window" owner="SeleniumLibrary">
<doc>Maximizes current browser window.</doc>
<status status="PASS" start="2024-06-08T23:33:23.748101" elapsed="0.127285"/>
</kw>
<status status="PASS" start="2024-06-08T23:33:22.265010" elapsed="1.610376"/>
</kw>
<kw name="Acessar a home page do site Amazon.com.br" owner="amazon_resources">
<kw name="Go To" owner="SeleniumLibrary">
<msg time="2024-06-08T23:33:23.877750" level="INFO">Opening url 'https://www.amazon.com.br/'</msg>
<arg>url=${URL}</arg>
<doc>Navigates the current browser window to the provided ``url``.</doc>
<status status="PASS" start="2024-06-08T23:33:23.877750" elapsed="1.072363"/>
</kw>
<kw name="Wait Until Element Is Visible" owner="SeleniumLibrary">
<msg time="2024-06-08T23:33:30.192454" level="INFO" html="true">&lt;/td&gt;&lt;/tr&gt;&lt;tr&gt;&lt;td colspan="3"&gt;&lt;a href="selenium-screenshot-1.png"&gt;&lt;img src="selenium-screenshot-1.png" width="800px"&gt;&lt;/a&gt;</msg>
<msg time="2024-06-08T23:33:30.192454" level="FAIL">Element '//a[@href='/Eletronicos-e-Tecnologia/b/?ie=UTF8&amp;node=16209062011&amp;ref_=nav_cs_electronics'][contains(.,'Eletrônicos')]' not visible after 5 seconds.</msg>
<arg>locator=${MENU_ELETRONICOS}</arg>
<doc>Waits until the element ``locator`` is visible.</doc>
<status status="FAIL" start="2024-06-08T23:33:24.950628" elapsed="5.247298">Element '//a[@href='/Eletronicos-e-Tecnologia/b/?ie=UTF8&amp;node=16209062011&amp;ref_=nav_cs_electronics'][contains(.,'Eletrônicos')]' not visible after 5 seconds.</status>
</kw>
<status status="FAIL" start="2024-06-08T23:33:23.876422" elapsed="6.321504">Element '//a[@href='/Eletronicos-e-Tecnologia/b/?ie=UTF8&amp;node=16209062011&amp;ref_=nav_cs_electronics'][contains(.,'Eletrônicos')]' not visible after 5 seconds.</status>
</kw>
<kw name="Verificar se o título da página fica &quot;Amazon.com.br | Tudo pra você, de A a Z.&quot;" owner="amazon_resources" source_name="Verificar se o título da página fica &quot;${TITULO}&quot;">
<status status="NOT RUN" start="2024-06-08T23:33:30.198964" elapsed="0.000000"/>
</kw>
<kw name="Entrar no menu &quot;Eletrônicos&quot;" owner="amazon_resources">
<status status="NOT RUN" start="2024-06-08T23:33:30.198964" elapsed="0.000000"/>
</kw>
<kw name="Verificar se aparece a frase &quot;Eletrônicos e Tecnologia&quot;" owner="amazon_resources" source_name="Verificar se aparece a frase &quot;${FRASE}&quot;">
<status status="NOT RUN" start="2024-06-08T23:33:30.198964" elapsed="0.000000"/>
</kw>
<kw name="Verificar se o título da página fica &quot;Eletrônicos e Tecnologia | Amazon.com.br&quot;" owner="amazon_resources" source_name="Verificar se o título da página fica &quot;${TITULO}&quot;">
<status status="NOT RUN" start="2024-06-08T23:33:30.200501" elapsed="0.000000"/>
</kw>
<kw name="Verificar se aparece o texto &quot;Avaliações dos clientes&quot;" owner="amazon_resources" source_name="Verificar se aparece o texto &quot;${PAGE_MENU}&quot;">
<status status="NOT RUN" start="2024-06-08T23:33:30.200501" elapsed="0.000000"/>
</kw>
<kw name="Verificar se aparece o texto &quot;Programas Prime&quot;" owner="amazon_resources" source_name="Verificar se aparece o texto &quot;${PAGE_MENU}&quot;">
<status status="NOT RUN" start="2024-06-08T23:33:30.201536" elapsed="0.000000"/>
</kw>
<doc>Esse teste verifica o menu eletrônicos da Amazon.com.br
e verifica a categoria Computadores e Informática</doc>
<tag>categorias</tag>
<tag>menus</tag>
<status status="FAIL" start="2024-06-08T23:33:22.264015" elapsed="7.937521">Element '//a[@href='/Eletronicos-e-Tecnologia/b/?ie=UTF8&amp;node=16209062011&amp;ref_=nav_cs_electronics'][contains(.,'Eletrônicos')]' not visible after 5 seconds.</status>
</test>
<test id="s1-t2" name="Caso de Teste 02 - Pesquisa de um Produto" line="20">
<kw name="Abrir o navegador" owner="amazon_resources" type="SETUP">
<kw name="Open Browser" owner="SeleniumLibrary">
<msg time="2024-06-08T23:33:30.205546" level="INFO">Opening browser 'chrome' to base url 'None'.</msg>
<arg>browser=chrome</arg>
<doc>Opens a new browser instance to the optional ``url``.</doc>
<status status="PASS" start="2024-06-08T23:33:30.205546" elapsed="1.457201"/>
</kw>
<kw name="Maximize Browser Window" owner="SeleniumLibrary">
<doc>Maximizes current browser window.</doc>
<status status="PASS" start="2024-06-08T23:33:31.662747" elapsed="0.137724"/>
</kw>
<status status="PASS" start="2024-06-08T23:33:30.204525" elapsed="1.596909"/>
</kw>
<kw name="Acessar a home page do site Amazon.com.br" owner="amazon_resources">
<kw name="Go To" owner="SeleniumLibrary">
<msg time="2024-06-08T23:33:31.803450" level="INFO">Opening url 'https://www.amazon.com.br/'</msg>
<arg>url=${URL}</arg>
<doc>Navigates the current browser window to the provided ``url``.</doc>
<status status="PASS" start="2024-06-08T23:33:31.803450" elapsed="1.238091"/>
</kw>
<kw name="Wait Until Element Is Visible" owner="SeleniumLibrary">
<arg>locator=${MENU_ELETRONICOS}</arg>
<doc>Waits until the element ``locator`` is visible.</doc>
<status status="PASS" start="2024-06-08T23:33:33.041541" elapsed="0.068669"/>
</kw>
<status status="PASS" start="2024-06-08T23:33:31.802451" elapsed="1.307759"/>
</kw>
<kw name="Digitar o nome de produto &quot;Xbox Series S&quot; no campo de pesquisa" owner="amazon_resources" source_name="Digitar o nome de produto &quot;${PRODUTO_NAME}&quot; no campo de pesquisa">
<kw name="Input Text" owner="SeleniumLibrary">
<msg time="2024-06-08T23:33:33.111950" level="INFO">Typing text 'Xbox Series S' into text field '//input[contains(@type,'text')]'.</msg>
<arg>locator=${PESQUISA}</arg>
<arg>text=${PRODUTO_NAME}</arg>
<doc>Types the given ``text`` into the text field identified by ``locator``.</doc>
<status status="PASS" start="2024-06-08T23:33:33.111950" elapsed="0.436714"/>
</kw>
<status status="PASS" start="2024-06-08T23:33:33.110729" elapsed="0.437935"/>
</kw>
<kw name="Clicar no botão de pesquisa" owner="amazon_resources">
<kw name="Click Element" owner="SeleniumLibrary">
<msg time="2024-06-08T23:33:33.550312" level="INFO">Clicking element '//input[contains(@type,'submit')]'.</msg>
<arg>locator=${LUPA_PESQUISA}</arg>
<doc>Click the element identified by ``locator``.</doc>
<status status="PASS" start="2024-06-08T23:33:33.550312" elapsed="0.348110"/>
</kw>
<status status="PASS" start="2024-06-08T23:33:33.548664" elapsed="0.349758"/>
</kw>
<kw name="Verificar se o sistema exibiu a tela com o produto &quot;Console Xbox Series S&quot;." owner="amazon_resources" source_name="Verificar se o sistema exibiu a tela com o produto &quot;${PRODUTO_NAME}&quot;.">
<kw name="Wait Until Element Is Visible" owner="SeleniumLibrary">
<arg>locator=//span[@class='a-size-base-plus a-color-base a-text-normal'][contains(.,'${PRODUTO_NAME}')]</arg>
<doc>Waits until the element ``locator`` is visible.</doc>
<status status="PASS" start="2024-06-08T23:33:33.899425" elapsed="1.959994"/>
</kw>
<status status="PASS" start="2024-06-08T23:33:33.898422" elapsed="1.961986"/>
</kw>
<doc>Esse teste verifica a busca de um produto</doc>
<tag>busca_produtos</tag>
<status status="PASS" start="2024-06-08T23:33:30.203536" elapsed="5.657396"/>
</test>
<doc>Essa suíte testa o site da Amazon.com.br</doc>
<status status="FAIL" start="2024-06-08T23:33:21.814012" elapsed="14.047936"/>
</suite>
<statistics>
<total>
<stat pass="1" fail="1" skip="0">All Tests</stat>
</total>
<tag>
<stat pass="1" fail="0" skip="0">busca_produtos</stat>
<stat pass="0" fail="1" skip="0">categorias</stat>
<stat pass="0" fail="1" skip="0">menus</stat>
</tag>
<suite>
<stat pass="1" fail="1" skip="0" id="s1" name="Amazon Testes">Amazon Testes</stat>
</suite>
</statistics>
<errors>
</errors>
</robot>
